{
    "error": {
        "task": "task_triangle_ya",
        "test_name": "py.test_task_triangle_ya.TriangleYandexTaskTestCase.test_10",
        "test_description": "Tests the main functional",
        "error_type": "fail",
        "error_message": "'x1:>>>y1:>>>x2:>>>y2:>>>x3:>>>y3:>>>Yes' != 'yes'\n- x1:>>>y1:>>>x2:>>>y2:>>>x3:>>>y3:>>>Yes\n+ yes\n",
        "traceback": "Traceback (most recent call last):\n  File \"/usr/local/lib/python3.6/site-packages/hamster_tester/unit_test/decorators.py\", line 64, in wrapper\n    func(self, dataset, result)\n  File \"/data/tests/py/test_task_triangle_ya.py\", line 37, in test_10\n    self.assertEqual(stdout, result)\nAssertionError: 'x1:>>>y1:>>>x2:>>>y2:>>>x3:>>>y3:>>>Yes' != 'yes'\n- x1:>>>y1:>>>x2:>>>y2:>>>x3:>>>y3:>>>Yes\n+ yes\n\n",
        "context": {
            "expected_result": "yes",
            "dataset_number": 1,
            "dataset": {
                "dataset": [
                    2,
                    7,
                    6,
                    1,
                    12,
                    5
                ]
            },
            "result": "x1:>>>y1:>>>x2:>>>y2:>>>x3:>>>y3:>>>Yes"
        }
    }
}